2016-10-19 14:16:49.169 xcodebuild[278:2262457] [MT] DVTPlugInManager: Required plug-in compatibility UUID 8A66E736-A720-4B3C-92F1-33D9962C69DF for KSImageNamed.ideplugin (com.ksuther.KSImageNamed) not present
2016-10-19 14:16:49.431 xcodebuild[278:2262457] [MT] PluginLoading: Required plug-in compatibility UUID 8A66E736-A720-4B3C-92F1-33D9962C69DF for plug-in at path '~/Library/Application Support/Developer/Shared/Xcode/Plug-ins/XToDo.xcplugin' not present in DVTPlugInCompatibilityUUIDs
2016-10-19 14:16:49.432 xcodebuild[278:2262457] [MT] PluginLoading: Required plug-in compatibility UUID 8A66E736-A720-4B3C-92F1-33D9962C69DF for plug-in at path '~/Library/Application Support/Developer/Shared/Xcode/Plug-ins/VVDocumenter-Xcode.xcplugin' not present in DVTPlugInCompatibilityUUIDs
2016-10-19 14:16:49.432 xcodebuild[278:2262457] [MT] PluginLoading: Required plug-in compatibility UUID 8A66E736-A720-4B3C-92F1-33D9962C69DF for plug-in at path '~/Library/Application Support/Developer/Shared/Xcode/Plug-ins/SQLPlugin.xcplugin' not present in DVTPlugInCompatibilityUUIDs
2016-10-19 14:16:49.432 xcodebuild[278:2262457] [MT] PluginLoading: Required plug-in compatibility UUID 8A66E736-A720-4B3C-92F1-33D9962C69DF for plug-in at path '~/Library/Application Support/Developer/Shared/Xcode/Plug-ins/Peckham.xcplugin' not present in DVTPlugInCompatibilityUUIDs
2016-10-19 14:16:49.433 xcodebuild[278:2262457] [MT] PluginLoading: Required plug-in compatibility UUID 8A66E736-A720-4B3C-92F1-33D9962C69DF for plug-in at path '~/Library/Application Support/Developer/Shared/Xcode/Plug-ins/GitDiff.xcplugin' not present in DVTPlugInCompatibilityUUIDs
2016-10-19 14:16:49.433 xcodebuild[278:2262457] [MT] PluginLoading: Required plug-in compatibility UUID 8A66E736-A720-4B3C-92F1-33D9962C69DF for plug-in at path '~/Library/Application Support/Developer/Shared/Xcode/Plug-ins/FuzzyAutocomplete.xcplugin' not present in DVTPlugInCompatibilityUUIDs
2016-10-19 14:16:49.434 xcodebuild[278:2262457] [MT] PluginLoading: Required plug-in compatibility UUID 8A66E736-A720-4B3C-92F1-33D9962C69DF for plug-in at path '~/Library/Application Support/Developer/Shared/Xcode/Plug-ins/Backlight.xcplugin' not present in DVTPlugInCompatibilityUUIDs
2016-10-19 14:16:49.609 xcodebuild[278:2262457] WARNING: Failed to load plugin at path: "/Users/Delfin/Library/Application Support/Developer/Shared/Xcode/Plug-ins/Alcatraz.xcplugin", skipping. Error: Error Domain=NSCocoaErrorDomain Code=3587 "dlopen_preflight(/Users/Delfin/Library/Application Support/Developer/Shared/Xcode/Plug-ins/Alcatraz.xcplugin/Contents/MacOS/Alcatraz): no suitable image found.  Did find:
	/Users/Delfin/Library/Application Support/Developer/Shared/Xcode/Plug-ins/Alcatraz.xcplugin/Contents/MacOS/Alcatraz: mmap() error 1 at address=0x1158F8000, size=0x00018000 segment=__TEXT in Segment::map() mapping /Users/Delfin/Library/Application Support/Developer/Shared/Xcode/Plug-ins/Alcatraz.xcplugin/Contents/MacOS/Alcatraz" UserInfo={NSLocalizedFailureReason=The bundle is damaged or missing necessary resources., NSLocalizedRecoverySuggestion=Try reinstalling the bundle., NSFilePath=/Users/Delfin/Library/Application Support/Developer/Shared/Xcode/Plug-ins/Alcatraz.xcplugin/Contents/MacOS/Alcatraz, NSDebugDescription=dlopen_preflight(/Users/Delfin/Library/Application Support/Developer/Shared/Xcode/Plug-ins/Alcatraz.xcplugin/Contents/MacOS/Alcatraz): no suitable image found.  Did find:
	/Users/Delfin/Library/Application Support/Developer/Shared/Xcode/Plug-ins/Alcatraz.xcplugin/Contents/MacOS/Alcatraz: mmap() error 1 at address=0x1158F8000, size=0x00018000 segment=__TEXT in Segment::map() mapping /Users/Delfin/Library/Application Support/Developer/Shared/Xcode/Plug-ins/Alcatraz.xcplugin/Contents/MacOS/Alcatraz, NSBundlePath=/Users/Delfin/Library/Application Support/Developer/Shared/Xcode/Plug-ins/Alcatraz.xcplugin, NSLocalizedDescription=The bundle “Alcatraz” couldn’t be loaded because it is damaged or missing necessary resources.}
2016-10-19 14:16:50.466 xcodebuild[339:2262508] [MT] DVTPlugInManager: Required plug-in compatibility UUID 8A66E736-A720-4B3C-92F1-33D9962C69DF for KSImageNamed.ideplugin (com.ksuther.KSImageNamed) not present
2016-10-19 14:16:50.519 xcodebuild[339:2262508] [MT] PluginLoading: Required plug-in compatibility UUID 8A66E736-A720-4B3C-92F1-33D9962C69DF for plug-in at path '~/Library/Application Support/Developer/Shared/Xcode/Plug-ins/XToDo.xcplugin' not present in DVTPlugInCompatibilityUUIDs
2016-10-19 14:16:50.519 xcodebuild[339:2262508] [MT] PluginLoading: Required plug-in compatibility UUID 8A66E736-A720-4B3C-92F1-33D9962C69DF for plug-in at path '~/Library/Application Support/Developer/Shared/Xcode/Plug-ins/VVDocumenter-Xcode.xcplugin' not present in DVTPlugInCompatibilityUUIDs
2016-10-19 14:16:50.520 xcodebuild[339:2262508] [MT] PluginLoading: Required plug-in compatibility UUID 8A66E736-A720-4B3C-92F1-33D9962C69DF for plug-in at path '~/Library/Application Support/Developer/Shared/Xcode/Plug-ins/SQLPlugin.xcplugin' not present in DVTPlugInCompatibilityUUIDs
2016-10-19 14:16:50.520 xcodebuild[339:2262508] [MT] PluginLoading: Required plug-in compatibility UUID 8A66E736-A720-4B3C-92F1-33D9962C69DF for plug-in at path '~/Library/Application Support/Developer/Shared/Xcode/Plug-ins/Peckham.xcplugin' not present in DVTPlugInCompatibilityUUIDs
2016-10-19 14:16:50.520 xcodebuild[339:2262508] [MT] PluginLoading: Required plug-in compatibility UUID 8A66E736-A720-4B3C-92F1-33D9962C69DF for plug-in at path '~/Library/Application Support/Developer/Shared/Xcode/Plug-ins/GitDiff.xcplugin' not present in DVTPlugInCompatibilityUUIDs
2016-10-19 14:16:50.521 xcodebuild[339:2262508] [MT] PluginLoading: Required plug-in compatibility UUID 8A66E736-A720-4B3C-92F1-33D9962C69DF for plug-in at path '~/Library/Application Support/Developer/Shared/Xcode/Plug-ins/FuzzyAutocomplete.xcplugin' not present in DVTPlugInCompatibilityUUIDs
2016-10-19 14:16:50.521 xcodebuild[339:2262508] [MT] PluginLoading: Required plug-in compatibility UUID 8A66E736-A720-4B3C-92F1-33D9962C69DF for plug-in at path '~/Library/Application Support/Developer/Shared/Xcode/Plug-ins/Backlight.xcplugin' not present in DVTPlugInCompatibilityUUIDs
2016-10-19 14:16:50.644 xcodebuild[339:2262508] WARNING: Failed to load plugin at path: "/Users/Delfin/Library/Application Support/Developer/Shared/Xcode/Plug-ins/Alcatraz.xcplugin", skipping. Error: Error Domain=NSCocoaErrorDomain Code=3587 "dlopen_preflight(/Users/Delfin/Library/Application Support/Developer/Shared/Xcode/Plug-ins/Alcatraz.xcplugin/Contents/MacOS/Alcatraz): no suitable image found.  Did find:
	/Users/Delfin/Library/Application Support/Developer/Shared/Xcode/Plug-ins/Alcatraz.xcplugin/Contents/MacOS/Alcatraz: mmap() error 1 at address=0x115F35000, size=0x00018000 segment=__TEXT in Segment::map() mapping /Users/Delfin/Library/Application Support/Developer/Shared/Xcode/Plug-ins/Alcatraz.xcplugin/Contents/MacOS/Alcatraz" UserInfo={NSLocalizedFailureReason=The bundle is damaged or missing necessary resources., NSLocalizedRecoverySuggestion=Try reinstalling the bundle., NSFilePath=/Users/Delfin/Library/Application Support/Developer/Shared/Xcode/Plug-ins/Alcatraz.xcplugin/Contents/MacOS/Alcatraz, NSDebugDescription=dlopen_preflight(/Users/Delfin/Library/Application Support/Developer/Shared/Xcode/Plug-ins/Alcatraz.xcplugin/Contents/MacOS/Alcatraz): no suitable image found.  Did find:
	/Users/Delfin/Library/Application Support/Developer/Shared/Xcode/Plug-ins/Alcatraz.xcplugin/Contents/MacOS/Alcatraz: mmap() error 1 at address=0x115F35000, size=0x00018000 segment=__TEXT in Segment::map() mapping /Users/Delfin/Library/Application Support/Developer/Shared/Xcode/Plug-ins/Alcatraz.xcplugin/Contents/MacOS/Alcatraz, NSBundlePath=/Users/Delfin/Library/Application Support/Developer/Shared/Xcode/Plug-ins/Alcatraz.xcplugin, NSLocalizedDescription=The bundle “Alcatraz” couldn’t be loaded because it is damaged or missing necessary resources.}
In file included from ../ext/bson.cc:35:
../ext/bson.h:56:51: error: unknown type name 'Arguments'; did you mean 'v8::internal::Arguments'?
        static Handle<Value> BSONDeserializeStream(const Arguments &args);
                                                         ^~~~~~~~~
                                                         v8::internal::Arguments
/Users/Delfin/.node-gyp/6.5.0/include/node/v8.h:147:7: note: 'v8::internal::Arguments' declared here
class Arguments;
      ^
In file included from ../ext/bson.cc:35:
../ext/bson.h:59:43: error: unknown type name 'Arguments'; did you mean 'v8::internal::Arguments'?
        static Handle<Value> BSONSerialize(const Arguments &args);
                                                 ^~~~~~~~~
                                                 v8::internal::Arguments
/Users/Delfin/.node-gyp/6.5.0/include/node/v8.h:147:7: note: 'v8::internal::Arguments' declared here
class Arguments;
      ^
In file included from ../ext/bson.cc:35:
../ext/bson.h:60:45: error: unknown type name 'Arguments'; did you mean 'v8::internal::Arguments'?
        static Handle<Value> BSONDeserialize(const Arguments &args);
                                                   ^~~~~~~~~
                                                   v8::internal::Arguments
/Users/Delfin/.node-gyp/6.5.0/include/node/v8.h:147:7: note: 'v8::internal::Arguments' declared here
class Arguments;
      ^
In file included from ../ext/bson.cc:35:
../ext/bson.h:63:49: error: unknown type name 'Arguments'; did you mean 'v8::internal::Arguments'?
        static Handle<Value> CalculateObjectSize(const Arguments &args);
                                                       ^~~~~~~~~
                                                       v8::internal::Arguments
/Users/Delfin/.node-gyp/6.5.0/include/node/v8.h:147:7: note: 'v8::internal::Arguments' declared here
class Arguments;
      ^
In file included from ../ext/bson.cc:35:
../ext/bson.h:64:57: error: unknown type name 'Arguments'; did you mean 'v8::internal::Arguments'?
        static Handle<Value> SerializeWithBufferAndIndex(const Arguments &args);
                                                               ^~~~~~~~~
                                                               v8::internal::Arguments
/Users/Delfin/.node-gyp/6.5.0/include/node/v8.h:147:7: note: 'v8::internal::Arguments' declared here
class Arguments;
      ^
In file included from ../ext/bson.cc:35:
../ext/bson.h:70:33: error: unknown type name 'Arguments'; did you mean 'v8::internal::Arguments'?
        static Handle<Value> New(const Arguments &args);
                                       ^~~~~~~~~
                                       v8::internal::Arguments
/Users/Delfin/.node-gyp/6.5.0/include/node/v8.h:147:7: note: 'v8::internal::Arguments' declared here
class Arguments;
      ^
../ext/bson.cc:203:14: error: no matching member function for call to 'Has'
                if(object->Has(bson->_bsontypeString))
                   ~~~~~~~~^~~
/Users/Delfin/.node-gyp/6.5.0/include/node/v8.h:2728:47: note: candidate function not viable: no known conversion from 'Persistent<v8::String>' to 'Local<v8::Value>' for 1st argument
  V8_DEPRECATE_SOON("Use maybe version", bool Has(Local<Value> key));
                                              ^
/Users/Delfin/.node-gyp/6.5.0/include/node/v8config.h:355:48: note: expanded from macro 'V8_DEPRECATE_SOON'
#define V8_DEPRECATE_SOON(message, declarator) declarator
                                               ^
/Users/Delfin/.node-gyp/6.5.0/include/node/v8.h:2736:43: note: candidate function not viable: no known conversion from 'Persistent<v8::String>' to 'uint32_t' (aka 'unsigned int') for 1st argument
  V8_DEPRECATED("Use maybe version", bool Has(uint32_t index));
                                          ^
/Users/Delfin/.node-gyp/6.5.0/include/node/v8config.h:340:44: note: expanded from macro 'V8_DEPRECATED'
#define V8_DEPRECATED(message, declarator) declarator
                                           ^
/Users/Delfin/.node-gyp/6.5.0/include/node/v8.h:2729:37: note: candidate function not viable: requires 2 arguments, but 1 was provided
  V8_WARN_UNUSED_RESULT Maybe<bool> Has(Local<Context> context,
                                    ^
/Users/Delfin/.node-gyp/6.5.0/include/node/v8.h:2737:37: note: candidate function not viable: requires 2 arguments, but 1 was provided
  V8_WARN_UNUSED_RESULT Maybe<bool> Has(Local<Context> context, uint32_t index);
                                    ^
../ext/bson.cc:206:23: error: member reference type 'Persistent<v8::String>' is not a pointer; did you mean to use '.'?
                        if(bson->longString->StrictEquals(constructorString))
                           ~~~~~~~~~~~~~~~~^~
                                           .
../ext/bson.cc:206:25: error: no member named 'StrictEquals' in 'v8::Persistent<v8::String, v8::NonCopyablePersistentTraits<v8::String> >'
                        if(bson->longString->StrictEquals(constructorString))
                           ~~~~~~~~~~~~~~~~  ^
../ext/bson.cc:212:33: error: member reference type 'Persistent<v8::String>' is not a pointer; did you mean to use '.'?
                        else if(bson->timestampString->StrictEquals(constructorString))
                                ~~~~~~~~~~~~~~~~~~~~~^~
                                                     .
../ext/bson.cc:212:35: error: no member named 'StrictEquals' in 'v8::Persistent<v8::String, v8::NonCopyablePersistentTraits<v8::String> >'
                        else if(bson->timestampString->StrictEquals(constructorString))
                                ~~~~~~~~~~~~~~~~~~~~~  ^
../ext/bson.cc:218:32: error: member reference type 'Persistent<v8::String>' is not a pointer; did you mean to use '.'?
                        else if(bson->objectIDString->StrictEquals(constructorString))
                                ~~~~~~~~~~~~~~~~~~~~^~
                                                    .
../ext/bson.cc:218:34: error: no member named 'StrictEquals' in 'v8::Persistent<v8::String, v8::NonCopyablePersistentTraits<v8::String> >'
                        else if(bson->objectIDString->StrictEquals(constructorString))
                                ~~~~~~~~~~~~~~~~~~~~  ^
../ext/bson.cc:223:30: error: member reference type 'Persistent<v8::String>' is not a pointer; did you mean to use '.'?
                        else if(bson->binaryString->StrictEquals(constructorString))
                                ~~~~~~~~~~~~~~~~~~^~
                                                  .
../ext/bson.cc:223:32: error: no member named 'StrictEquals' in 'v8::Persistent<v8::String, v8::NonCopyablePersistentTraits<v8::String> >'
                        else if(bson->binaryString->StrictEquals(constructorString))
                                ~~~~~~~~~~~~~~~~~~  ^
../ext/bson.cc:227:31: error: no matching member function for call to 'Get'
                                uint32_t length = object->Get(bson->_binaryPositionString)->Uint32Value();
                                                  ~~~~~~~~^~~
/Users/Delfin/.node-gyp/6.5.0/include/node/v8.h:2702:55: note: candidate function not viable: no known conversion from 'Persistent<v8::String>' to 'Local<v8::Value>' for 1st argument
  V8_DEPRECATE_SOON("Use maybe version", Local<Value> Get(Local<Value> key));
                                                      ^
/Users/Delfin/.node-gyp/6.5.0/include/node/v8config.h:355:48: note: expanded from macro 'V8_DEPRECATE_SOON'
#define V8_DEPRECATE_SOON(message, declarator) declarator
                                               ^
/Users/Delfin/.node-gyp/6.5.0/include/node/v8.h:2706:55: note: candidate function not viable: no known conversion from 'Persistent<v8::String>' to 'uint32_t' (aka 'unsigned int') for 1st argument
  V8_DEPRECATE_SOON("Use maybe version", Local<Value> Get(uint32_t index));
                                                      ^
/Users/Delfin/.node-gyp/6.5.0/include/node/v8config.h:355:48: note: expanded from macro 'V8_DEPRECATE_SOON'
#define V8_DEPRECATE_SOON(message, declarator) declarator
                                               ^
/Users/Delfin/.node-gyp/6.5.0/include/node/v8.h:2703:43: note: candidate function not viable: requires 2 arguments, but 1 was provided
  V8_WARN_UNUSED_RESULT MaybeLocal<Value> Get(Local<Context> context,
                                          ^
/Users/Delfin/.node-gyp/6.5.0/include/node/v8.h:2707:43: note: candidate function not viable: requires 2 arguments, but 1 was provided
  V8_WARN_UNUSED_RESULT MaybeLocal<Value> Get(Local<Context> context,
                                          ^
../ext/bson.cc:228:39: error: no matching member function for call to 'Get'
                                Local<Object> bufferObj = object->Get(bson->_binaryBufferString)->ToObject();
                                                          ~~~~~~~~^~~
/Users/Delfin/.node-gyp/6.5.0/include/node/v8.h:2702:55: note: candidate function not viable: no known conversion from 'Persistent<v8::String>' to 'Local<v8::Value>' for 1st argument
  V8_DEPRECATE_SOON("Use maybe version", Local<Value> Get(Local<Value> key));
                                                      ^
/Users/Delfin/.node-gyp/6.5.0/include/node/v8config.h:355:48: note: expanded from macro 'V8_DEPRECATE_SOON'
#define V8_DEPRECATE_SOON(message, declarator) declarator
                                               ^
/Users/Delfin/.node-gyp/6.5.0/include/node/v8.h:2706:55: note: candidate function not viable: no known conversion from 'Persistent<v8::String>' to 'uint32_t' (aka 'unsigned int') for 1st argument
  V8_DEPRECATE_SOON("Use maybe version", Local<Value> Get(uint32_t index));
                                                      ^
/Users/Delfin/.node-gyp/6.5.0/include/node/v8config.h:355:48: note: expanded from macro 'V8_DEPRECATE_SOON'
#define V8_DEPRECATE_SOON(message, declarator) declarator
                                               ^
/Users/Delfin/.node-gyp/6.5.0/include/node/v8.h:2703:43: note: candidate function not viable: requires 2 arguments, but 1 was provided
  V8_WARN_UNUSED_RESULT MaybeLocal<Value> Get(Local<Context> context,
                                          ^
/Users/Delfin/.node-gyp/6.5.0/include/node/v8.h:2707:43: note: candidate function not viable: requires 2 arguments, but 1 was provided
  V8_WARN_UNUSED_RESULT MaybeLocal<Value> Get(Local<Context> context,
                                          ^
../ext/bson.cc:233:16: error: no matching member function for call to 'Get'
                                if(object->Get(bson->_binarySubTypeString)->Int32Value() == 0x02) {
                                   ~~~~~~~~^~~
/Users/Delfin/.node-gyp/6.5.0/include/node/v8.h:2702:55: note: candidate function not viable: no known conversion from 'Persistent<v8::String>' to 'Local<v8::Value>' for 1st argument
  V8_DEPRECATE_SOON("Use maybe version", Local<Value> Get(Local<Value> key));
                                                      ^
/Users/Delfin/.node-gyp/6.5.0/include/node/v8config.h:355:48: note: expanded from macro 'V8_DEPRECATE_SOON'
#define V8_DEPRECATE_SOON(message, declarator) declarator
                                               ^
/Users/Delfin/.node-gyp/6.5.0/include/node/v8.h:2706:55: note: candidate function not viable: no known conversion from 'Persistent<v8::String>' to 'uint32_t' (aka 'unsigned int') for 1st argument
  V8_DEPRECATE_SOON("Use maybe version", Local<Value> Get(uint32_t index));
                                                      ^
/Users/Delfin/.node-gyp/6.5.0/include/node/v8config.h:355:48: note: expanded from macro 'V8_DEPRECATE_SOON'
#define V8_DEPRECATE_SOON(message, declarator) declarator
                                               ^
/Users/Delfin/.node-gyp/6.5.0/include/node/v8.h:2703:43: note: candidate function not viable: requires 2 arguments, but 1 was provided
  V8_WARN_UNUSED_RESULT MaybeLocal<Value> Get(Local<Context> context,
                                          ^
/Users/Delfin/.node-gyp/6.5.0/include/node/v8.h:2707:43: note: candidate function not viable: requires 2 arguments, but 1 was provided
  V8_WARN_UNUSED_RESULT MaybeLocal<Value> Get(Local<Context> context,
                                          ^
../ext/bson.cc:239:30: error: member reference type 'Persistent<v8::String>' is not a pointer; did you mean to use '.'?
                        else if(bson->doubleString->StrictEquals(constructorString))
                                ~~~~~~~~~~~~~~~~~~^~
                                                  .
fatal error: too many errors emitted, stopping now [-ferror-limit=]
20 errors generated.
make: *** [Release/obj.target/bson/ext/bson.o] Error 1
gyp ERR! build error 
gyp ERR! stack Error: `make` failed with exit code: 2
gyp ERR! stack     at ChildProcess.onExit (/usr/local/lib/node_modules/npm/node_modules/node-gyp/lib/build.js:276:23)
gyp ERR! stack     at emitTwo (events.js:106:13)
gyp ERR! stack     at ChildProcess.emit (events.js:191:7)
gyp ERR! stack     at Process.ChildProcess._handle.onexit (internal/child_process.js:215:12)
gyp ERR! System Darwin 15.6.0
gyp ERR! command "/usr/local/bin/node" "/usr/local/lib/node_modules/npm/node_modules/node-gyp/bin/node-gyp.js" "rebuild"
gyp ERR! cwd /Users/Delfin/Documents/workspace-NodeJS/innovation/node_modules/bson
gyp ERR! node -v v6.5.0
gyp ERR! node-gyp -v v3.3.1
gyp ERR! not ok 
